Command line invocation:
    /Applications/Xcode.app/Contents/Developer/usr/bin/xcodebuild -scheme Ambit -configuration Debug -sdk iphonesimulator build

Build settings from command line:
    SDKROOT = iphonesimulator18.5

--- xcodebuild: WARNING: Using the first of multiple matching destinations:
{ platform:iOS Simulator, id:dvtdevice-DVTiOSDeviceSimulatorPlaceholder-iphonesimulator:placeholder, name:Any iOS Simulator Device }
{ platform:iOS Simulator, arch:arm64, id:F45EE248-218E-4F33-BB90-C0BEA4F8D617, OS:18.5, name:My iPhone 15 }
{ platform:iOS Simulator, arch:x86_64, id:F45EE248-218E-4F33-BB90-C0BEA4F8D617, OS:18.5, name:My iPhone 15 }
{ platform:macOS, arch:arm64, variant:Designed for [iPad,iPhone], id:00008112-000459110C33A01E, name:My Mac }
{ platform:iOS, id:dvtdevice-DVTiPhonePlaceholder-iphoneos:placeholder, name:Any iOS Device }
ComputePackagePrebuildTargetDependencyGraph

Prepare packages

CreateBuildRequest

SendProjectDescription

CreateBuildOperation

ComputeTargetDependencyGraph
note: Building targets in dependency order
note: Target dependency graph (1 target)
    Target 'Ambit' in project 'Ambit' (no dependencies)

GatherProvisioningInputs

CreateBuildDescription

ExecuteExternalTool /Applications/Xcode.app/Contents/Developer/Toolchains/XcodeDefault.xctoolchain/usr/bin/clang -v -E -dM -isysroot /Applications/Xcode.app/Contents/Developer/Platforms/iPhoneSimulator.platform/Developer/SDKs/iPhoneSimulator18.5.sdk -x c -c /dev/null

ExecuteExternalTool /Applications/Xcode.app/Contents/Developer/usr/bin/actool --print-asset-tag-combinations --output-format xml1 /Users/daniel/Desktop/Ambit/Ambit/Assets.xcassets

ExecuteExternalTool /Applications/Xcode.app/Contents/Developer/usr/bin/actool --version --output-format xml1

ExecuteExternalTool /Applications/Xcode.app/Contents/Developer/Toolchains/XcodeDefault.xctoolchain/usr/bin/swiftc --version

ExecuteExternalTool /Applications/Xcode.app/Contents/Developer/Toolchains/XcodeDefault.xctoolchain/usr/bin/ld -version_details

Build description signature: 00ed41b605b2adfeb4dededfb482914c
Build description path: /Users/daniel/Library/Developer/Xcode/DerivedData/Ambit-bsnduvlakbyxoiatyqhewyqdyxzo/Build/Intermediates.noindex/XCBuildData/00ed41b605b2adfeb4dededfb482914c.xcbuilddata
ProcessProductPackaging "" /Users/daniel/Library/Developer/Xcode/DerivedData/Ambit-bsnduvlakbyxoiatyqhewyqdyxzo/Build/Intermediates.noindex/Ambit.build/Debug-iphonesimulator/Ambit.build/Ambit.app-Simulated.xcent (in target 'Ambit' from project 'Ambit')
    cd /Users/daniel/Desktop/Ambit
    
    Entitlements:
    
    {
    "application-identifier" = "CS354VKV66.ethereal.focus.Ambit";
}
    
    builtin-productPackagingUtility -entitlements -format xml -o /Users/daniel/Library/Developer/Xcode/DerivedData/Ambit-bsnduvlakbyxoiatyqhewyqdyxzo/Build/Intermediates.noindex/Ambit.build/Debug-iphonesimulator/Ambit.build/Ambit.app-Simulated.xcent

ProcessProductPackagingDER /Users/daniel/Library/Developer/Xcode/DerivedData/Ambit-bsnduvlakbyxoiatyqhewyqdyxzo/Build/Intermediates.noindex/Ambit.build/Debug-iphonesimulator/Ambit.build/Ambit.app-Simulated.xcent /Users/daniel/Library/Developer/Xcode/DerivedData/Ambit-bsnduvlakbyxoiatyqhewyqdyxzo/Build/Intermediates.noindex/Ambit.build/Debug-iphonesimulator/Ambit.build/Ambit.app-Simulated.xcent.der (in target 'Ambit' from project 'Ambit')
    cd /Users/daniel/Desktop/Ambit
    /usr/bin/derq query -f xml -i /Users/daniel/Library/Developer/Xcode/DerivedData/Ambit-bsnduvlakbyxoiatyqhewyqdyxzo/Build/Intermediates.noindex/Ambit.build/Debug-iphonesimulator/Ambit.build/Ambit.app-Simulated.xcent -o /Users/daniel/Library/Developer/Xcode/DerivedData/Ambit-bsnduvlakbyxoiatyqhewyqdyxzo/Build/Intermediates.noindex/Ambit.build/Debug-iphonesimulator/Ambit.build/Ambit.app-Simulated.xcent.der --raw

ClangStatCache /Applications/Xcode.app/Contents/Developer/Toolchains/XcodeDefault.xctoolchain/usr/bin/clang-stat-cache /Applications/Xcode.app/Contents/Developer/Platforms/iPhoneSimulator.platform/Developer/SDKs/iPhoneSimulator18.5.sdk /Users/daniel/Library/Developer/Xcode/DerivedData/SDKStatCaches.noindex/iphonesimulator18.5-22F76-d5fc8ad4295d2ef488fb7d0f804ce0c4.sdkstatcache
    cd /Users/daniel/Desktop/Ambit/Ambit.xcodeproj
    /Applications/Xcode.app/Contents/Developer/Toolchains/XcodeDefault.xctoolchain/usr/bin/clang-stat-cache /Applications/Xcode.app/Contents/Developer/Platforms/iPhoneSimulator.platform/Developer/SDKs/iPhoneSimulator18.5.sdk -o /Users/daniel/Library/Developer/Xcode/DerivedData/SDKStatCaches.noindex/iphonesimulator18.5-22F76-d5fc8ad4295d2ef488fb7d0f804ce0c4.sdkstatcache

WriteAuxiliaryFile /Users/daniel/Library/Developer/Xcode/DerivedData/Ambit-bsnduvlakbyxoiatyqhewyqdyxzo/Build/Intermediates.noindex/Ambit.build/Debug-iphonesimulator/Ambit.build/Objects-normal/x86_64/Ambit.SwiftFileList (in target 'Ambit' from project 'Ambit')
    cd /Users/daniel/Desktop/Ambit
    write-file /Users/daniel/Library/Developer/Xcode/DerivedData/Ambit-bsnduvlakbyxoiatyqhewyqdyxzo/Build/Intermediates.noindex/Ambit.build/Debug-iphonesimulator/Ambit.build/Objects-normal/x86_64/Ambit.SwiftFileList

WriteAuxiliaryFile /Users/daniel/Library/Developer/Xcode/DerivedData/Ambit-bsnduvlakbyxoiatyqhewyqdyxzo/Build/Intermediates.noindex/Ambit.build/Debug-iphonesimulator/Ambit.build/Objects-normal/x86_64/Ambit.SwiftConstValuesFileList (in target 'Ambit' from project 'Ambit')
    cd /Users/daniel/Desktop/Ambit
    write-file /Users/daniel/Library/Developer/Xcode/DerivedData/Ambit-bsnduvlakbyxoiatyqhewyqdyxzo/Build/Intermediates.noindex/Ambit.build/Debug-iphonesimulator/Ambit.build/Objects-normal/x86_64/Ambit.SwiftConstValuesFileList

WriteAuxiliaryFile /Users/daniel/Library/Developer/Xcode/DerivedData/Ambit-bsnduvlakbyxoiatyqhewyqdyxzo/Build/Intermediates.noindex/Ambit.build/Debug-iphonesimulator/Ambit.build/Objects-normal/arm64/Ambit.SwiftFileList (in target 'Ambit' from project 'Ambit')
    cd /Users/daniel/Desktop/Ambit
    write-file /Users/daniel/Library/Developer/Xcode/DerivedData/Ambit-bsnduvlakbyxoiatyqhewyqdyxzo/Build/Intermediates.noindex/Ambit.build/Debug-iphonesimulator/Ambit.build/Objects-normal/arm64/Ambit.SwiftFileList

WriteAuxiliaryFile /Users/daniel/Library/Developer/Xcode/DerivedData/Ambit-bsnduvlakbyxoiatyqhewyqdyxzo/Build/Intermediates.noindex/Ambit.build/Debug-iphonesimulator/Ambit.build/Objects-normal/arm64/Ambit.SwiftConstValuesFileList (in target 'Ambit' from project 'Ambit')
    cd /Users/daniel/Desktop/Ambit
    write-file /Users/daniel/Library/Developer/Xcode/DerivedData/Ambit-bsnduvlakbyxoiatyqhewyqdyxzo/Build/Intermediates.noindex/Ambit.build/Debug-iphonesimulator/Ambit.build/Objects-normal/arm64/Ambit.SwiftConstValuesFileList

WriteAuxiliaryFile /Users/daniel/Library/Developer/Xcode/DerivedData/Ambit-bsnduvlakbyxoiatyqhewyqdyxzo/Build/Intermediates.noindex/Ambit.build/Debug-iphonesimulator/Ambit.build/Objects-normal/arm64/Ambit.LinkFileList (in target 'Ambit' from project 'Ambit')
    cd /Users/daniel/Desktop/Ambit
    write-file /Users/daniel/Library/Developer/Xcode/DerivedData/Ambit-bsnduvlakbyxoiatyqhewyqdyxzo/Build/Intermediates.noindex/Ambit.build/Debug-iphonesimulator/Ambit.build/Objects-normal/arm64/Ambit.LinkFileList

WriteAuxiliaryFile /Users/daniel/Library/Developer/Xcode/DerivedData/Ambit-bsnduvlakbyxoiatyqhewyqdyxzo/Build/Intermediates.noindex/Ambit.build/Debug-iphonesimulator/Ambit.build/Objects-normal/x86_64/Ambit.LinkFileList (in target 'Ambit' from project 'Ambit')
    cd /Users/daniel/Desktop/Ambit
    write-file /Users/daniel/Library/Developer/Xcode/DerivedData/Ambit-bsnduvlakbyxoiatyqhewyqdyxzo/Build/Intermediates.noindex/Ambit.build/Debug-iphonesimulator/Ambit.build/Objects-normal/x86_64/Ambit.LinkFileList

ProcessInfoPlistFile /Users/daniel/Library/Developer/Xcode/DerivedData/Ambit-bsnduvlakbyxoiatyqhewyqdyxzo/Build/Products/Debug-iphonesimulator/Ambit.app/Info.plist /Users/daniel/Library/Developer/Xcode/DerivedData/Ambit-bsnduvlakbyxoiatyqhewyqdyxzo/Build/Intermediates.noindex/Ambit.build/Debug-iphonesimulator/Ambit.build/empty-Ambit.plist (in target 'Ambit' from project 'Ambit')
    cd /Users/daniel/Desktop/Ambit
    builtin-infoPlistUtility /Users/daniel/Library/Developer/Xcode/DerivedData/Ambit-bsnduvlakbyxoiatyqhewyqdyxzo/Build/Intermediates.noindex/Ambit.build/Debug-iphonesimulator/Ambit.build/empty-Ambit.plist -producttype com.apple.product-type.application -genpkginfo /Users/daniel/Library/Developer/Xcode/DerivedData/Ambit-bsnduvlakbyxoiatyqhewyqdyxzo/Build/Products/Debug-iphonesimulator/Ambit.app/PkgInfo -expandbuildsettings -format binary -platform iphonesimulator -additionalcontentfile /Users/daniel/Library/Developer/Xcode/DerivedData/Ambit-bsnduvlakbyxoiatyqhewyqdyxzo/Build/Intermediates.noindex/Ambit.build/Debug-iphonesimulator/Ambit.build/assetcatalog_generated_info.plist -o /Users/daniel/Library/Developer/Xcode/DerivedData/Ambit-bsnduvlakbyxoiatyqhewyqdyxzo/Build/Products/Debug-iphonesimulator/Ambit.app/Info.plist

SwiftDriver Ambit normal x86_64 com.apple.xcode.tools.swift.compiler (in target 'Ambit' from project 'Ambit')
    cd /Users/daniel/Desktop/Ambit
    builtin-SwiftDriver -- /Applications/Xcode.app/Contents/Developer/Toolchains/XcodeDefault.xctoolchain/usr/bin/swiftc -module-name Ambit -Onone -enforce-exclusivity\=checked @/Users/daniel/Library/Developer/Xcode/DerivedData/Ambit-bsnduvlakbyxoiatyqhewyqdyxzo/Build/Intermediates.noindex/Ambit.build/Debug-iphonesimulator/Ambit.build/Objects-normal/x86_64/Ambit.SwiftFileList -DDEBUG -enable-bare-slash-regex -enable-experimental-feature DebugDescriptionMacro -sdk /Applications/Xcode.app/Contents/Developer/Platforms/iPhoneSimulator.platform/Developer/SDKs/iPhoneSimulator18.5.sdk -target x86_64-apple-ios18.5-simulator -g -module-cache-path /Users/daniel/Library/Developer/Xcode/DerivedData/ModuleCache.noindex -Xfrontend -serialize-debugging-options -profile-coverage-mapping -profile-generate -enable-testing -index-store-path /Users/daniel/Library/Developer/Xcode/DerivedData/Ambit-bsnduvlakbyxoiatyqhewyqdyxzo/Index.noindex/DataStore -swift-version 5 -I /Users/daniel/Library/Developer/Xcode/DerivedData/Ambit-bsnduvlakbyxoiatyqhewyqdyxzo/Build/Products/Debug-iphonesimulator -F /Users/daniel/Library/Developer/Xcode/DerivedData/Ambit-bsnduvlakbyxoiatyqhewyqdyxzo/Build/Products/Debug-iphonesimulator -emit-localized-strings -emit-localized-strings-path /Users/daniel/Library/Developer/Xcode/DerivedData/Ambit-bsnduvlakbyxoiatyqhewyqdyxzo/Build/Intermediates.noindex/Ambit.build/Debug-iphonesimulator/Ambit.build/Objects-normal/x86_64 -c -j8 -enable-batch-mode -incremental -Xcc -ivfsstatcache -Xcc /Users/daniel/Library/Developer/Xcode/DerivedData/SDKStatCaches.noindex/iphonesimulator18.5-22F76-d5fc8ad4295d2ef488fb7d0f804ce0c4.sdkstatcache -output-file-map /Users/daniel/Library/Developer/Xcode/DerivedData/Ambit-bsnduvlakbyxoiatyqhewyqdyxzo/Build/Intermediates.noindex/Ambit.build/Debug-iphonesimulator/Ambit.build/Objects-normal/x86_64/Ambit-OutputFileMap.json -use-frontend-parseable-output -save-temps -no-color-diagnostics -serialize-diagnostics -emit-dependencies -emit-module -emit-module-path /Users/daniel/Library/Developer/Xcode/DerivedData/Ambit-bsnduvlakbyxoiatyqhewyqdyxzo/Build/Intermediates.noindex/Ambit.build/Debug-iphonesimulator/Ambit.build/Objects-normal/x86_64/Ambit.swiftmodule -validate-clang-modules-once -clang-build-session-file /Users/daniel/Library/Developer/Xcode/DerivedData/ModuleCache.noindex/Session.modulevalidation -Xcc -I/Users/daniel/Library/Developer/Xcode/DerivedData/Ambit-bsnduvlakbyxoiatyqhewyqdyxzo/Build/Intermediates.noindex/Ambit.build/Debug-iphonesimulator/Ambit.build/swift-overrides.hmap -emit-const-values -Xfrontend -const-gather-protocols-file -Xfrontend /Users/daniel/Library/Developer/Xcode/DerivedData/Ambit-bsnduvlakbyxoiatyqhewyqdyxzo/Build/Intermediates.noindex/Ambit.build/Debug-iphonesimulator/Ambit.build/Objects-normal/x86_64/Ambit_const_extract_protocols.json -Xcc -iquote -Xcc /Users/daniel/Library/Developer/Xcode/DerivedData/Ambit-bsnduvlakbyxoiatyqhewyqdyxzo/Build/Intermediates.noindex/Ambit.build/Debug-iphonesimulator/Ambit.build/Ambit-generated-files.hmap -Xcc -I/Users/daniel/Library/Developer/Xcode/DerivedData/Ambit-bsnduvlakbyxoiatyqhewyqdyxzo/Build/Intermediates.noindex/Ambit.build/Debug-iphonesimulator/Ambit.build/Ambit-own-target-headers.hmap -Xcc -I/Users/daniel/Library/Developer/Xcode/DerivedData/Ambit-bsnduvlakbyxoiatyqhewyqdyxzo/Build/Intermediates.noindex/Ambit.build/Debug-iphonesimulator/Ambit.build/Ambit-all-target-headers.hmap -Xcc -iquote -Xcc /Users/daniel/Library/Developer/Xcode/DerivedData/Ambit-bsnduvlakbyxoiatyqhewyqdyxzo/Build/Intermediates.noindex/Ambit.build/Debug-iphonesimulator/Ambit.build/Ambit-project-headers.hmap -Xcc -I/Users/daniel/Library/Developer/Xcode/DerivedData/Ambit-bsnduvlakbyxoiatyqhewyqdyxzo/Build/Products/Debug-iphonesimulator/include -Xcc -I/Users/daniel/Library/Developer/Xcode/DerivedData/Ambit-bsnduvlakbyxoiatyqhewyqdyxzo/Build/Intermediates.noindex/Ambit.build/Debug-iphonesimulator/Ambit.build/DerivedSources-normal/x86_64 -Xcc -I/Users/daniel/Library/Developer/Xcode/DerivedData/Ambit-bsnduvlakbyxoiatyqhewyqdyxzo/Build/Intermediates.noindex/Ambit.build/Debug-iphonesimulator/Ambit.build/DerivedSources/x86_64 -Xcc -I/Users/daniel/Library/Developer/Xcode/DerivedData/Ambit-bsnduvlakbyxoiatyqhewyqdyxzo/Build/Intermediates.noindex/Ambit.build/Debug-iphonesimulator/Ambit.build/DerivedSources -Xcc -DDEBUG\=1 -emit-objc-header -emit-objc-header-path /Users/daniel/Library/Developer/Xcode/DerivedData/Ambit-bsnduvlakbyxoiatyqhewyqdyxzo/Build/Intermediates.noindex/Ambit.build/Debug-iphonesimulator/Ambit.build/Objects-normal/x86_64/Ambit-Swift.h -working-directory /Users/daniel/Desktop/Ambit -experimental-emit-module-separately -disable-cmo

SwiftDriver Ambit normal arm64 com.apple.xcode.tools.swift.compiler (in target 'Ambit' from project 'Ambit')
    cd /Users/daniel/Desktop/Ambit
    builtin-SwiftDriver -- /Applications/Xcode.app/Contents/Developer/Toolchains/XcodeDefault.xctoolchain/usr/bin/swiftc -module-name Ambit -Onone -enforce-exclusivity\=checked @/Users/daniel/Library/Developer/Xcode/DerivedData/Ambit-bsnduvlakbyxoiatyqhewyqdyxzo/Build/Intermediates.noindex/Ambit.build/Debug-iphonesimulator/Ambit.build/Objects-normal/arm64/Ambit.SwiftFileList -DDEBUG -enable-bare-slash-regex -enable-experimental-feature DebugDescriptionMacro -sdk /Applications/Xcode.app/Contents/Developer/Platforms/iPhoneSimulator.platform/Developer/SDKs/iPhoneSimulator18.5.sdk -target arm64-apple-ios18.5-simulator -g -module-cache-path /Users/daniel/Library/Developer/Xcode/DerivedData/ModuleCache.noindex -Xfrontend -serialize-debugging-options -profile-coverage-mapping -profile-generate -enable-testing -index-store-path /Users/daniel/Library/Developer/Xcode/DerivedData/Ambit-bsnduvlakbyxoiatyqhewyqdyxzo/Index.noindex/DataStore -swift-version 5 -I /Users/daniel/Library/Developer/Xcode/DerivedData/Ambit-bsnduvlakbyxoiatyqhewyqdyxzo/Build/Products/Debug-iphonesimulator -F /Users/daniel/Library/Developer/Xcode/DerivedData/Ambit-bsnduvlakbyxoiatyqhewyqdyxzo/Build/Products/Debug-iphonesimulator -emit-localized-strings -emit-localized-strings-path /Users/daniel/Library/Developer/Xcode/DerivedData/Ambit-bsnduvlakbyxoiatyqhewyqdyxzo/Build/Intermediates.noindex/Ambit.build/Debug-iphonesimulator/Ambit.build/Objects-normal/arm64 -c -j8 -enable-batch-mode -incremental -Xcc -ivfsstatcache -Xcc /Users/daniel/Library/Developer/Xcode/DerivedData/SDKStatCaches.noindex/iphonesimulator18.5-22F76-d5fc8ad4295d2ef488fb7d0f804ce0c4.sdkstatcache -output-file-map /Users/daniel/Library/Developer/Xcode/DerivedData/Ambit-bsnduvlakbyxoiatyqhewyqdyxzo/Build/Intermediates.noindex/Ambit.build/Debug-iphonesimulator/Ambit.build/Objects-normal/arm64/Ambit-OutputFileMap.json -use-frontend-parseable-output -save-temps -no-color-diagnostics -serialize-diagnostics -emit-dependencies -emit-module -emit-module-path /Users/daniel/Library/Developer/Xcode/DerivedData/Ambit-bsnduvlakbyxoiatyqhewyqdyxzo/Build/Intermediates.noindex/Ambit.build/Debug-iphonesimulator/Ambit.build/Objects-normal/arm64/Ambit.swiftmodule -validate-clang-modules-once -clang-build-session-file /Users/daniel/Library/Developer/Xcode/DerivedData/ModuleCache.noindex/Session.modulevalidation -Xcc -I/Users/daniel/Library/Developer/Xcode/DerivedData/Ambit-bsnduvlakbyxoiatyqhewyqdyxzo/Build/Intermediates.noindex/Ambit.build/Debug-iphonesimulator/Ambit.build/swift-overrides.hmap -emit-const-values -Xfrontend -const-gather-protocols-file -Xfrontend /Users/daniel/Library/Developer/Xcode/DerivedData/Ambit-bsnduvlakbyxoiatyqhewyqdyxzo/Build/Intermediates.noindex/Ambit.build/Debug-iphonesimulator/Ambit.build/Objects-normal/arm64/Ambit_const_extract_protocols.json -Xcc -iquote -Xcc /Users/daniel/Library/Developer/Xcode/DerivedData/Ambit-bsnduvlakbyxoiatyqhewyqdyxzo/Build/Intermediates.noindex/Ambit.build/Debug-iphonesimulator/Ambit.build/Ambit-generated-files.hmap -Xcc -I/Users/daniel/Library/Developer/Xcode/DerivedData/Ambit-bsnduvlakbyxoiatyqhewyqdyxzo/Build/Intermediates.noindex/Ambit.build/Debug-iphonesimulator/Ambit.build/Ambit-own-target-headers.hmap -Xcc -I/Users/daniel/Library/Developer/Xcode/DerivedData/Ambit-bsnduvlakbyxoiatyqhewyqdyxzo/Build/Intermediates.noindex/Ambit.build/Debug-iphonesimulator/Ambit.build/Ambit-all-target-headers.hmap -Xcc -iquote -Xcc /Users/daniel/Library/Developer/Xcode/DerivedData/Ambit-bsnduvlakbyxoiatyqhewyqdyxzo/Build/Intermediates.noindex/Ambit.build/Debug-iphonesimulator/Ambit.build/Ambit-project-headers.hmap -Xcc -I/Users/daniel/Library/Developer/Xcode/DerivedData/Ambit-bsnduvlakbyxoiatyqhewyqdyxzo/Build/Products/Debug-iphonesimulator/include -Xcc -I/Users/daniel/Library/Developer/Xcode/DerivedData/Ambit-bsnduvlakbyxoiatyqhewyqdyxzo/Build/Intermediates.noindex/Ambit.build/Debug-iphonesimulator/Ambit.build/DerivedSources-normal/arm64 -Xcc -I/Users/daniel/Library/Developer/Xcode/DerivedData/Ambit-bsnduvlakbyxoiatyqhewyqdyxzo/Build/Intermediates.noindex/Ambit.build/Debug-iphonesimulator/Ambit.build/DerivedSources/arm64 -Xcc -I/Users/daniel/Library/Developer/Xcode/DerivedData/Ambit-bsnduvlakbyxoiatyqhewyqdyxzo/Build/Intermediates.noindex/Ambit.build/Debug-iphonesimulator/Ambit.build/DerivedSources -Xcc -DDEBUG\=1 -emit-objc-header -emit-objc-header-path /Users/daniel/Library/Developer/Xcode/DerivedData/Ambit-bsnduvlakbyxoiatyqhewyqdyxzo/Build/Intermediates.noindex/Ambit.build/Debug-iphonesimulator/Ambit.build/Objects-normal/arm64/Ambit-Swift.h -working-directory /Users/daniel/Desktop/Ambit -experimental-emit-module-separately -disable-cmo

SwiftCompile normal x86_64 Compiling\ DataModels.swift,\ DataExtensions.swift /Users/daniel/Desktop/Ambit/Ambit/Models/DataModels.swift /Users/daniel/Desktop/Ambit/Ambit/Extensions/DataExtensions.swift (in target 'Ambit' from project 'Ambit')

SwiftCompile normal x86_64 /Users/daniel/Desktop/Ambit/Ambit/Models/DataModels.swift (in target 'Ambit' from project 'Ambit')
    cd /Users/daniel/Desktop/Ambit
    

SwiftCompile normal x86_64 /Users/daniel/Desktop/Ambit/Ambit/Extensions/DataExtensions.swift (in target 'Ambit' from project 'Ambit')
    cd /Users/daniel/Desktop/Ambit
    

SwiftCompile normal x86_64 Compiling\ ColorModels.swift,\ ViewExtensions.swift /Users/daniel/Desktop/Ambit/Ambit/Models/ColorModels.swift /Users/daniel/Desktop/Ambit/Ambit/Extensions/ViewExtensions.swift (in target 'Ambit' from project 'Ambit')
Failed frontend command:
/Applications/Xcode.app/Contents/Developer/Toolchains/XcodeDefault.xctoolchain/usr/bin/swift-frontend -frontend -c /Users/daniel/Desktop/Ambit/Ambit/Services/ColorPaletteGenerator.swift /Users/daniel/Desktop/Ambit/Ambit/Services/ColorHarmonyGenerator.swift /Users/daniel/Desktop/Ambit/Ambit/Services/ColorAccessibilityAnalyzer.swift /Users/daniel/Desktop/Ambit/Ambit/ContentView.swift /Users/daniel/Desktop/Ambit/Ambit/Models/DataModels.swift /Users/daniel/Desktop/Ambit/Ambit/Extensions/DataExtensions.swift /Users/daniel/Desktop/Ambit/Ambit/Services/HapticManager.swift /Users/daniel/Desktop/Ambit/Ambit/Services/ColorVisionSimulator.swift /Users/daniel/Desktop/Ambit/Ambit/Services/ColorLearningManager.swift /Users/daniel/Desktop/Ambit/Ambit/Services/ColorExtractor.swift -primary-file /Users/daniel/Desktop/Ambit/Ambit/Models/ColorModels.swift -primary-file /Users/daniel/Desktop/Ambit/Ambit/Extensions/ViewExtensions.swift /Users/daniel/Desktop/Ambit/Ambit/Services/ImageProcessor.swift /Users/daniel/Desktop/Ambit/Ambit/Extensions/ColorExtensions.swift /Users/daniel/Desktop/Ambit/Ambit/Services/GradientGenerator.swift /Users/daniel/Library/Developer/Xcode/DerivedData/Ambit-bsnduvlakbyxoiatyqhewyqdyxzo/Build/Intermediates.noindex/Ambit.build/Debug-iphonesimulator/Ambit.build/DerivedSources/GeneratedAssetSymbols.swift -emit-dependencies-path /Users/daniel/Library/Developer/Xcode/DerivedData/Ambit-bsnduvlakbyxoiatyqhewyqdyxzo/Build/Intermediates.noindex/Ambit.build/Debug-iphonesimulator/Ambit.build/Objects-normal/x86_64/ColorModels.d -emit-const-values-path /Users/daniel/Library/Developer/Xcode/DerivedData/Ambit-bsnduvlakbyxoiatyqhewyqdyxzo/Build/Intermediates.noindex/Ambit.build/Debug-iphonesimulator/Ambit.build/Objects-normal/x86_64/ColorModels.swiftconstvalues -emit-reference-dependencies-path /Users/daniel/Library/Developer/Xcode/DerivedData/Ambit-bsnduvlakbyxoiatyqhewyqdyxzo/Build/Intermediates.noindex/Ambit.build/Debug-iphonesimulator/Ambit.build/Objects-normal/x86_64/ColorModels.swiftdeps -serialize-diagnostics-path /Users/daniel/Library/Developer/Xcode/DerivedData/Ambit-bsnduvlakbyxoiatyqhewyqdyxzo/Build/Intermediates.noindex/Ambit.build/Debug-iphonesimulator/Ambit.build/Objects-normal/x86_64/ColorModels.dia -emit-dependencies-path /Users/daniel/Library/Developer/Xcode/DerivedData/Ambit-bsnduvlakbyxoiatyqhewyqdyxzo/Build/Intermediates.noindex/Ambit.build/Debug-iphonesimulator/Ambit.build/Objects-normal/x86_64/ViewExtensions.d -emit-const-values-path /Users/daniel/Library/Developer/Xcode/DerivedData/Ambit-bsnduvlakbyxoiatyqhewyqdyxzo/Build/Intermediates.noindex/Ambit.build/Debug-iphonesimulator/Ambit.build/Objects-normal/x86_64/ViewExtensions.swiftconstvalues -emit-reference-dependencies-path /Users/daniel/Library/Developer/Xcode/DerivedData/Ambit-bsnduvlakbyxoiatyqhewyqdyxzo/Build/Intermediates.noindex/Ambit.build/Debug-iphonesimulator/Ambit.build/Objects-normal/x86_64/ViewExtensions.swiftdeps -serialize-diagnostics-path /Users/daniel/Library/Developer/Xcode/DerivedData/Ambit-bsnduvlakbyxoiatyqhewyqdyxzo/Build/Intermediates.noindex/Ambit.build/Debug-iphonesimulator/Ambit.build/Objects-normal/x86_64/ViewExtensions.dia -emit-localized-strings -emit-localized-strings-path /Users/daniel/Library/Developer/Xcode/DerivedData/Ambit-bsnduvlakbyxoiatyqhewyqdyxzo/Build/Intermediates.noindex/Ambit.build/Debug-iphonesimulator/Ambit.build/Objects-normal/x86_64 -target x86_64-apple-ios18.5-simulator -enable-objc-interop -sdk /Applications/Xcode.app/Contents/Developer/Platforms/iPhoneSimulator.platform/Developer/SDKs/iPhoneSimulator18.5.sdk -I /Users/daniel/Library/Developer/Xcode/DerivedData/Ambit-bsnduvlakbyxoiatyqhewyqdyxzo/Build/Products/Debug-iphonesimulator -F /Users/daniel/Library/Developer/Xcode/DerivedData/Ambit-bsnduvlakbyxoiatyqhewyqdyxzo/Build/Products/Debug-iphonesimulator -no-color-diagnostics -enable-testing -g -debug-info-format\=dwarf -dwarf-version\=5 -module-cache-path /Users/daniel/Library/Developer/Xcode/DerivedData/ModuleCache.noindex -profile-generate -profile-coverage-mapping -swift-version 5 -enforce-exclusivity\=checked -Onone -D DEBUG -serialize-debugging-options -const-gather-protocols-file /Users/daniel/Library/Developer/Xcode/DerivedData/Ambit-bsnduvlakbyxoiatyqhewyqdyxzo/Build/Intermediates.noindex/Ambit.build/Debug-iphonesimulator/Ambit.build/Objects-normal/x86_64/Ambit_const_extract_protocols.json -enable-experimental-feature DebugDescriptionMacro -enable-bare-slash-regex -empty-abi-descriptor -validate-clang-modules-once -clang-build-session-file /Users/daniel/Library/Developer/Xcode/DerivedData/ModuleCache.noindex/Session.modulevalidation -Xcc -working-directory -Xcc /Users/daniel/Desktop/Ambit -resource-dir /Applications/Xcode.app/Contents/Developer/Toolchains/XcodeDefault.xctoolchain/usr/lib/swift -enable-anonymous-context-mangled-names -file-compilation-dir /Users/daniel/Desktop/Ambit -Xcc -ivfsstatcache -Xcc /Users/daniel/Library/Developer/Xcode/DerivedData/SDKStatCaches.noindex/iphonesimulator18.5-22F76-d5fc8ad4295d2ef488fb7d0f804ce0c4.sdkstatcache -Xcc -I/Users/daniel/Library/Developer/Xcode/DerivedData/Ambit-bsnduvlakbyxoiatyqhewyqdyxzo/Build/Intermediates.noindex/Ambit.build/Debug-iphonesimulator/Ambit.build/swift-overrides.hmap -Xcc -iquote -Xcc /Users/daniel/Library/Developer/Xcode/DerivedData/Ambit-bsnduvlakbyxoiatyqhewyqdyxzo/Build/Intermediates.noindex/Ambit.build/Debug-iphonesimulator/Ambit.build/Ambit-generated-files.hmap -Xcc -I/Users/daniel/Library/Developer/Xcode/DerivedData/Ambit-bsnduvlakbyxoiatyqhewyqdyxzo/Build/Intermediates.noindex/Ambit.build/Debug-iphonesimulator/Ambit.build/Ambit-own-target-headers.hmap -Xcc -I/Users/daniel/Library/Developer/Xcode/DerivedData/Ambit-bsnduvlakbyxoiatyqhewyqdyxzo/Build/Intermediates.noindex/Ambit.build/Debug-iphonesimulator/Ambit.build/Ambit-all-target-headers.hmap -Xcc -iquote -Xcc /Users/daniel/Library/Developer/Xcode/DerivedData/Ambit-bsnduvlakbyxoiatyqhewyqdyxzo/Build/Intermediates.noindex/Ambit.build/Debug-iphonesimulator/Ambit.build/Ambit-project-headers.hmap -Xcc -I/Users/daniel/Library/Developer/Xcode/DerivedData/Ambit-bsnduvlakbyxoiatyqhewyqdyxzo/Build/Products/Debug-iphonesimulator/include -Xcc -I/Users/daniel/Library/Developer/Xcode/DerivedData/Ambit-bsnduvlakbyxoiatyqhewyqdyxzo/Build/Intermediates.noindex/Ambit.build/Debug-iphonesimulator/Ambit.build/DerivedSources-normal/x86_64 -Xcc -I/Users/daniel/Library/Developer/Xcode/DerivedData/Ambit-bsnduvlakbyxoiatyqhewyqdyxzo/Build/Intermediates.noindex/Ambit.build/Debug-iphonesimulator/Ambit.build/DerivedSources/x86_64 -Xcc -I/Users/daniel/Library/Developer/Xcode/DerivedData/Ambit-bsnduvlakbyxoiatyqhewyqdyxzo/Build/Intermediates.noindex/Ambit.build/Debug-iphonesimulator/Ambit.build/DerivedSources -Xcc -DDEBUG\=1 -module-name Ambit -frontend-parseable-output -disable-clang-spi -target-sdk-version 18.5 -target-sdk-name iphonesimulator18.5 -external-plugin-path /Applications/Xcode.app/Contents/Developer/Platforms/iPhoneOS.platform/Developer/usr/lib/swift/host/plugins\#/Applications/Xcode.app/Contents/Developer/Platforms/iPhoneOS.platform/Developer/usr/bin/swift-plugin-server -external-plugin-path /Applications/Xcode.app/Contents/Developer/Platforms/iPhoneOS.platform/Developer/usr/local/lib/swift/host/plugins\#/Applications/Xcode.app/Contents/Developer/Platforms/iPhoneOS.platform/Developer/usr/bin/swift-plugin-server -in-process-plugin-server-path /Applications/Xcode.app/Contents/Developer/Toolchains/XcodeDefault.xctoolchain/usr/lib/swift/host/libSwiftInProcPluginServer.dylib -plugin-path /Applications/Xcode.app/Contents/Developer/Toolchains/XcodeDefault.xctoolchain/usr/lib/swift/host/plugins -plugin-path /Applications/Xcode.app/Contents/Developer/Toolchains/XcodeDefault.xctoolchain/usr/local/lib/swift/host/plugins -o /Users/daniel/Library/Developer/Xcode/DerivedData/Ambit-bsnduvlakbyxoiatyqhewyqdyxzo/Build/Intermediates.noindex/Ambit.build/Debug-iphonesimulator/Ambit.build/Objects-normal/x86_64/ColorModels.o -o /Users/daniel/Library/Developer/Xcode/DerivedData/Ambit-bsnduvlakbyxoiatyqhewyqdyxzo/Build/Intermediates.noindex/Ambit.build/Debug-iphonesimulator/Ambit.build/Objects-normal/x86_64/ViewExtensions.o -index-unit-output-path /Ambit.build/Debug-iphonesimulator/Ambit.build/Objects-normal/x86_64/ColorModels.o -index-unit-output-path /Ambit.build/Debug-iphonesimulator/Ambit.build/Objects-normal/x86_64/ViewExtensions.o -index-store-path /Users/daniel/Library/Developer/Xcode/DerivedData/Ambit-bsnduvlakbyxoiatyqhewyqdyxzo/Index.noindex/DataStore -index-system-modules

SwiftCompile normal x86_64 /Users/daniel/Desktop/Ambit/Ambit/Models/ColorModels.swift (in target 'Ambit' from project 'Ambit')
    cd /Users/daniel/Desktop/Ambit
    
/Users/daniel/Desktop/Ambit/Ambit/ContentView.swift:6872:9: error: expressions are not allowed at the top level
        (
        ^
/Users/daniel/Desktop/Ambit/Ambit/ContentView.swift:6880:10: error: consecutive statements on a line must be separated by ';'
        ),
         ^
         ;
/Users/daniel/Desktop/Ambit/Ambit/ContentView.swift:6880:10: error: expected expression
        ),
         ^
/Users/daniel/Desktop/Ambit/Ambit/ContentView.swift:7113:1: error: extraneous '}' at top level
}
^

SwiftCompile normal x86_64 /Users/daniel/Desktop/Ambit/Ambit/Extensions/ViewExtensions.swift (in target 'Ambit' from project 'Ambit')
    cd /Users/daniel/Desktop/Ambit
    
/Users/daniel/Desktop/Ambit/Ambit/ContentView.swift:6872:9: error: expressions are not allowed at the top level
        (
        ^
/Users/daniel/Desktop/Ambit/Ambit/ContentView.swift:6880:10: error: consecutive statements on a line must be separated by ';'
        ),
         ^
         ;
/Users/daniel/Desktop/Ambit/Ambit/ContentView.swift:6880:10: error: expected expression
        ),
         ^
/Users/daniel/Desktop/Ambit/Ambit/ContentView.swift:7113:1: error: extraneous '}' at top level
}
^
/Users/daniel/Desktop/Ambit/Ambit/Extensions/ViewExtensions.swift:91:14: error: function opaque return type was inferred as 'some View', which defines the opaque type in terms of itself
            .if(hint != nil) { view in
             ^
/Users/daniel/Desktop/Ambit/Ambit/Extensions/ViewExtensions.swift:196:14: warning: 'onChange(of:perform:)' was deprecated in iOS 17.0: Use `onChange` with a two or zero parameter action closure instead.
            .onChange(of: value) { newValue in
             ^
/Users/daniel/Desktop/Ambit/Ambit/Extensions/ViewExtensions.swift:219:14: warning: 'onChange(of:perform:)' was deprecated in iOS 17.0: Use `onChange` with a two or zero parameter action closure instead.
            .onChange(of: trigger) { newValue in
             ^
/Users/daniel/Desktop/Ambit/Ambit/Extensions/ViewExtensions.swift:232:27: error: value of type 'Self' has no member 'strokeBorder'
            .overlay(self.strokeBorder(strokeBorder, lineWidth: lineWidth))
                     ~~~~ ^~~~~~~~~~~~

SwiftCompile normal x86_64 Compiling\ HapticManager.swift,\ ColorVisionSimulator.swift /Users/daniel/Desktop/Ambit/Ambit/Services/HapticManager.swift /Users/daniel/Desktop/Ambit/Ambit/Services/ColorVisionSimulator.swift (in target 'Ambit' from project 'Ambit')
Failed frontend command:
/Applications/Xcode.app/Contents/Developer/Toolchains/XcodeDefault.xctoolchain/usr/bin/swift-frontend -frontend -c /Users/daniel/Desktop/Ambit/Ambit/Services/ColorPaletteGenerator.swift /Users/daniel/Desktop/Ambit/Ambit/Services/ColorHarmonyGenerator.swift /Users/daniel/Desktop/Ambit/Ambit/Services/ColorAccessibilityAnalyzer.swift /Users/daniel/Desktop/Ambit/Ambit/ContentView.swift /Users/daniel/Desktop/Ambit/Ambit/Models/DataModels.swift /Users/daniel/Desktop/Ambit/Ambit/Extensions/DataExtensions.swift -primary-file /Users/daniel/Desktop/Ambit/Ambit/Services/HapticManager.swift -primary-file /Users/daniel/Desktop/Ambit/Ambit/Services/ColorVisionSimulator.swift /Users/daniel/Desktop/Ambit/Ambit/Services/ColorLearningManager.swift /Users/daniel/Desktop/Ambit/Ambit/Services/ColorExtractor.swift /Users/daniel/Desktop/Ambit/Ambit/Models/ColorModels.swift /Users/daniel/Desktop/Ambit/Ambit/Extensions/ViewExtensions.swift /Users/daniel/Desktop/Ambit/Ambit/Services/ImageProcessor.swift /Users/daniel/Desktop/Ambit/Ambit/Extensions/ColorExtensions.swift /Users/daniel/Desktop/Ambit/Ambit/Services/GradientGenerator.swift /Users/daniel/Library/Developer/Xcode/DerivedData/Ambit-bsnduvlakbyxoiatyqhewyqdyxzo/Build/Intermediates.noindex/Ambit.build/Debug-iphonesimulator/Ambit.build/DerivedSources/GeneratedAssetSymbols.swift -emit-dependencies-path /Users/daniel/Library/Developer/Xcode/DerivedData/Ambit-bsnduvlakbyxoiatyqhewyqdyxzo/Build/Intermediates.noindex/Ambit.build/Debug-iphonesimulator/Ambit.build/Objects-normal/x86_64/HapticManager.d -emit-const-values-path /Users/daniel/Library/Developer/Xcode/DerivedData/Ambit-bsnduvlakbyxoiatyqhewyqdyxzo/Build/Intermediates.noindex/Ambit.build/Debug-iphonesimulator/Ambit.build/Objects-normal/x86_64/HapticManager.swiftconstvalues -emit-reference-dependencies-path /Users/daniel/Library/Developer/Xcode/DerivedData/Ambit-bsnduvlakbyxoiatyqhewyqdyxzo/Build/Intermediates.noindex/Ambit.build/Debug-iphonesimulator/Ambit.build/Objects-normal/x86_64/HapticManager.swiftdeps -serialize-diagnostics-path /Users/daniel/Library/Developer/Xcode/DerivedData/Ambit-bsnduvlakbyxoiatyqhewyqdyxzo/Build/Intermediates.noindex/Ambit.build/Debug-iphonesimulator/Ambit.build/Objects-normal/x86_64/HapticManager.dia -emit-dependencies-path /Users/daniel/Library/Developer/Xcode/DerivedData/Ambit-bsnduvlakbyxoiatyqhewyqdyxzo/Build/Intermediates.noindex/Ambit.build/Debug-iphonesimulator/Ambit.build/Objects-normal/x86_64/ColorVisionSimulator.d -emit-const-values-path /Users/daniel/Library/Developer/Xcode/DerivedData/Ambit-bsnduvlakbyxoiatyqhewyqdyxzo/Build/Intermediates.noindex/Ambit.build/Debug-iphonesimulator/Ambit.build/Objects-normal/x86_64/ColorVisionSimulator.swiftconstvalues -emit-reference-dependencies-path /Users/daniel/Library/Developer/Xcode/DerivedData/Ambit-bsnduvlakbyxoiatyqhewyqdyxzo/Build/Intermediates.noindex/Ambit.build/Debug-iphonesimulator/Ambit.build/Objects-normal/x86_64/ColorVisionSimulator.swiftdeps -serialize-diagnostics-path /Users/daniel/Library/Developer/Xcode/DerivedData/Ambit-bsnduvlakbyxoiatyqhewyqdyxzo/Build/Intermediates.noindex/Ambit.build/Debug-iphonesimulator/Ambit.build/Objects-normal/x86_64/ColorVisionSimulator.dia -emit-localized-strings -emit-localized-strings-path /Users/daniel/Library/Developer/Xcode/DerivedData/Ambit-bsnduvlakbyxoiatyqhewyqdyxzo/Build/Intermediates.noindex/Ambit.build/Debug-iphonesimulator/Ambit.build/Objects-normal/x86_64 -target x86_64-apple-ios18.5-simulator -enable-objc-interop -sdk /Applications/Xcode.app/Contents/Developer/Platforms/iPhoneSimulator.platform/Developer/SDKs/iPhoneSimulator18.5.sdk -I /Users/daniel/Library/Developer/Xcode/DerivedData/Ambit-bsnduvlakbyxoiatyqhewyqdyxzo/Build/Products/Debug-iphonesimulator -F /Users/daniel/Library/Developer/Xcode/DerivedData/Ambit-bsnduvlakbyxoiatyqhewyqdyxzo/Build/Products/Debug-iphonesimulator -no-color-diagnostics -enable-testing -g -debug-info-format\=dwarf -dwarf-version\=5 -module-cache-path /Users/daniel/Library/Developer/Xcode/DerivedData/ModuleCache.noindex -profile-generate -profile-coverage-mapping -swift-version 5 -enforce-exclusivity\=checked -Onone -D DEBUG -serialize-debugging-options -const-gather-protocols-file /Users/daniel/Library/Developer/Xcode/DerivedData/Ambit-bsnduvlakbyxoiatyqhewyqdyxzo/Build/Intermediates.noindex/Ambit.build/Debug-iphonesimulator/Ambit.build/Objects-normal/x86_64/Ambit_const_extract_protocols.json -enable-experimental-feature DebugDescriptionMacro -enable-bare-slash-regex -empty-abi-descriptor -validate-clang-modules-once -clang-build-session-file /Users/daniel/Library/Developer/Xcode/DerivedData/ModuleCache.noindex/Session.modulevalidation -Xcc -working-directory -Xcc /Users/daniel/Desktop/Ambit -resource-dir /Applications/Xcode.app/Contents/Developer/Toolchains/XcodeDefault.xctoolchain/usr/lib/swift -enable-anonymous-context-mangled-names -file-compilation-dir /Users/daniel/Desktop/Ambit -Xcc -ivfsstatcache -Xcc /Users/daniel/Library/Developer/Xcode/DerivedData/SDKStatCaches.noindex/iphonesimulator18.5-22F76-d5fc8ad4295d2ef488fb7d0f804ce0c4.sdkstatcache -Xcc -I/Users/daniel/Library/Developer/Xcode/DerivedData/Ambit-bsnduvlakbyxoiatyqhewyqdyxzo/Build/Intermediates.noindex/Ambit.build/Debug-iphonesimulator/Ambit.build/swift-overrides.hmap -Xcc -iquote -Xcc /Users/daniel/Library/Developer/Xcode/DerivedData/Ambit-bsnduvlakbyxoiatyqhewyqdyxzo/Build/Intermediates.noindex/Ambit.build/Debug-iphonesimulator/Ambit.build/Ambit-generated-files.hmap -Xcc -I/Users/daniel/Library/Developer/Xcode/DerivedData/Ambit-bsnduvlakbyxoiatyqhewyqdyxzo/Build/Intermediates.noindex/Ambit.build/Debug-iphonesimulator/Ambit.build/Ambit-own-target-headers.hmap -Xcc -I/Users/daniel/Library/Developer/Xcode/DerivedData/Ambit-bsnduvlakbyxoiatyqhewyqdyxzo/Build/Intermediates.noindex/Ambit.build/Debug-iphonesimulator/Ambit.build/Ambit-all-target-headers.hmap -Xcc -iquote -Xcc /Users/daniel/Library/Developer/Xcode/DerivedData/Ambit-bsnduvlakbyxoiatyqhewyqdyxzo/Build/Intermediates.noindex/Ambit.build/Debug-iphonesimulator/Ambit.build/Ambit-project-headers.hmap -Xcc -I/Users/daniel/Library/Developer/Xcode/DerivedData/Ambit-bsnduvlakbyxoiatyqhewyqdyxzo/Build/Products/Debug-iphonesimulator/include -Xcc -I/Users/daniel/Library/Developer/Xcode/DerivedData/Ambit-bsnduvlakbyxoiatyqhewyqdyxzo/Build/Intermediates.noindex/Ambit.build/Debug-iphonesimulator/Ambit.build/DerivedSources-normal/x86_64 -Xcc -I/Users/daniel/Library/Developer/Xcode/DerivedData/Ambit-bsnduvlakbyxoiatyqhewyqdyxzo/Build/Intermediates.noindex/Ambit.build/Debug-iphonesimulator/Ambit.build/DerivedSources/x86_64 -Xcc -I/Users/daniel/Library/Developer/Xcode/DerivedData/Ambit-bsnduvlakbyxoiatyqhewyqdyxzo/Build/Intermediates.noindex/Ambit.build/Debug-iphonesimulator/Ambit.build/DerivedSources -Xcc -DDEBUG\=1 -module-name Ambit -frontend-parseable-output -disable-clang-spi -target-sdk-version 18.5 -target-sdk-name iphonesimulator18.5 -external-plugin-path /Applications/Xcode.app/Contents/Developer/Platforms/iPhoneOS.platform/Developer/usr/lib/swift/host/plugins\#/Applications/Xcode.app/Contents/Developer/Platforms/iPhoneOS.platform/Developer/usr/bin/swift-plugin-server -external-plugin-path /Applications/Xcode.app/Contents/Developer/Platforms/iPhoneOS.platform/Developer/usr/local/lib/swift/host/plugins\#/Applications/Xcode.app/Contents/Developer/Platforms/iPhoneOS.platform/Developer/usr/bin/swift-plugin-server -in-process-plugin-server-path /Applications/Xcode.app/Contents/Developer/Toolchains/XcodeDefault.xctoolchain/usr/lib/swift/host/libSwiftInProcPluginServer.dylib -plugin-path /Applications/Xcode.app/Contents/Developer/Toolchains/XcodeDefault.xctoolchain/usr/lib/swift/host/plugins -plugin-path /Applications/Xcode.app/Contents/Developer/Toolchains/XcodeDefault.xctoolchain/usr/local/lib/swift/host/plugins -o /Users/daniel/Library/Developer/Xcode/DerivedData/Ambit-bsnduvlakbyxoiatyqhewyqdyxzo/Build/Intermediates.noindex/Ambit.build/Debug-iphonesimulator/Ambit.build/Objects-normal/x86_64/HapticManager.o -o /Users/daniel/Library/Developer/Xcode/DerivedData/Ambit-bsnduvlakbyxoiatyqhewyqdyxzo/Build/Intermediates.noindex/Ambit.build/Debug-iphonesimulator/Ambit.build/Objects-normal/x86_64/ColorVisionSimulator.o -index-unit-output-path /Ambit.build/Debug-iphonesimulator/Ambit.build/Objects-normal/x86_64/HapticManager.o -index-unit-output-path /Ambit.build/Debug-iphonesimulator/Ambit.build/Objects-normal/x86_64/ColorVisionSimulator.o -index-store-path /Users/daniel/Library/Developer/Xcode/DerivedData/Ambit-bsnduvlakbyxoiatyqhewyqdyxzo/Index.noindex/DataStore -index-system-modules

SwiftCompile normal x86_64 /Users/daniel/Desktop/Ambit/Ambit/Services/HapticManager.swift (in target 'Ambit' from project 'Ambit')
    cd /Users/daniel/Desktop/Ambit
    
/Users/daniel/Desktop/Ambit/Ambit/ContentView.swift:6872:9: error: expressions are not allowed at the top level
        (
        ^
/Users/daniel/Desktop/Ambit/Ambit/ContentView.swift:6880:10: error: consecutive statements on a line must be separated by ';'
        ),
         ^
         ;
/Users/daniel/Desktop/Ambit/Ambit/ContentView.swift:6880:10: error: expected expression
        ),
         ^
/Users/daniel/Desktop/Ambit/Ambit/ContentView.swift:7113:1: error: extraneous '}' at top level
}
^

SwiftCompile normal x86_64 /Users/daniel/Desktop/Ambit/Ambit/Services/ColorVisionSimulator.swift (in target 'Ambit' from project 'Ambit')
    cd /Users/daniel/Desktop/Ambit
    
/Users/daniel/Desktop/Ambit/Ambit/ContentView.swift:6872:9: error: expressions are not allowed at the top level
        (
        ^
/Users/daniel/Desktop/Ambit/Ambit/ContentView.swift:6880:10: error: consecutive statements on a line must be separated by ';'
        ),
         ^
         ;
/Users/daniel/Desktop/Ambit/Ambit/ContentView.swift:6880:10: error: expected expression
        ),
         ^
/Users/daniel/Desktop/Ambit/Ambit/ContentView.swift:7113:1: error: extraneous '}' at top level
}
^
/Users/daniel/Desktop/Ambit/Ambit/Services/ColorVisionSimulator.swift:227:58: error: 'VisionTypeInfo' is ambiguous for type lookup in this context
    static func getVisionTypeInfo(_ type: VisionType) -> VisionTypeInfo {
                                                         ^~~~~~~~~~~~~~
/Users/daniel/Desktop/Ambit/Ambit/ContentView.swift:2679:8: note: found this candidate
struct VisionTypeInfo: View {
       ^
/Users/daniel/Desktop/Ambit/Ambit/Services/ColorVisionSimulator.swift:325:8: note: found this candidate
struct VisionTypeInfo {
       ^
/Users/daniel/Desktop/Ambit/Ambit/Services/ColorVisionSimulator.swift:325:8: error: invalid redeclaration of 'VisionTypeInfo'
struct VisionTypeInfo {
       ^
/Users/daniel/Desktop/Ambit/Ambit/ContentView.swift:2679:8: note: 'VisionTypeInfo' previously declared here
struct VisionTypeInfo: View {
       ^
/Users/daniel/Desktop/Ambit/Ambit/ContentView.swift:2679:8: note: 'VisionTypeInfo' previously declared here
struct VisionTypeInfo: View {
       ^

SwiftCompile normal arm64 Compiling\ HapticManager.swift,\ ColorVisionSimulator.swift /Users/daniel/Desktop/Ambit/Ambit/Services/HapticManager.swift /Users/daniel/Desktop/Ambit/Ambit/Services/ColorVisionSimulator.swift (in target 'Ambit' from project 'Ambit')
Failed frontend command:
/Applications/Xcode.app/Contents/Developer/Toolchains/XcodeDefault.xctoolchain/usr/bin/swift-frontend -frontend -c /Users/daniel/Desktop/Ambit/Ambit/Services/ColorPaletteGenerator.swift /Users/daniel/Desktop/Ambit/Ambit/Services/ColorHarmonyGenerator.swift /Users/daniel/Desktop/Ambit/Ambit/Services/ColorAccessibilityAnalyzer.swift /Users/daniel/Desktop/Ambit/Ambit/ContentView.swift /Users/daniel/Desktop/Ambit/Ambit/Models/DataModels.swift /Users/daniel/Desktop/Ambit/Ambit/Extensions/DataExtensions.swift -primary-file /Users/daniel/Desktop/Ambit/Ambit/Services/HapticManager.swift -primary-file /Users/daniel/Desktop/Ambit/Ambit/Services/ColorVisionSimulator.swift /Users/daniel/Desktop/Ambit/Ambit/Services/ColorLearningManager.swift /Users/daniel/Desktop/Ambit/Ambit/Services/ColorExtractor.swift /Users/daniel/Desktop/Ambit/Ambit/Models/ColorModels.swift /Users/daniel/Desktop/Ambit/Ambit/Extensions/ViewExtensions.swift /Users/daniel/Desktop/Ambit/Ambit/Services/ImageProcessor.swift /Users/daniel/Desktop/Ambit/Ambit/Extensions/ColorExtensions.swift /Users/daniel/Desktop/Ambit/Ambit/Services/GradientGenerator.swift /Users/daniel/Library/Developer/Xcode/DerivedData/Ambit-bsnduvlakbyxoiatyqhewyqdyxzo/Build/Intermediates.noindex/Ambit.build/Debug-iphonesimulator/Ambit.build/DerivedSources/GeneratedAssetSymbols.swift -emit-dependencies-path /Users/daniel/Library/Developer/Xcode/DerivedData/Ambit-bsnduvlakbyxoiatyqhewyqdyxzo/Build/Intermediates.noindex/Ambit.build/Debug-iphonesimulator/Ambit.build/Objects-normal/arm64/HapticManager.d -emit-const-values-path /Users/daniel/Library/Developer/Xcode/DerivedData/Ambit-bsnduvlakbyxoiatyqhewyqdyxzo/Build/Intermediates.noindex/Ambit.build/Debug-iphonesimulator/Ambit.build/Objects-normal/arm64/HapticManager.swiftconstvalues -emit-reference-dependencies-path /Users/daniel/Library/Developer/Xcode/DerivedData/Ambit-bsnduvlakbyxoiatyqhewyqdyxzo/Build/Intermediates.noindex/Ambit.build/Debug-iphonesimulator/Ambit.build/Objects-normal/arm64/HapticManager.swiftdeps -serialize-diagnostics-path /Users/daniel/Library/Developer/Xcode/DerivedData/Ambit-bsnduvlakbyxoiatyqhewyqdyxzo/Build/Intermediates.noindex/Ambit.build/Debug-iphonesimulator/Ambit.build/Objects-normal/arm64/HapticManager.dia -emit-dependencies-path /Users/daniel/Library/Developer/Xcode/DerivedData/Ambit-bsnduvlakbyxoiatyqhewyqdyxzo/Build/Intermediates.noindex/Ambit.build/Debug-iphonesimulator/Ambit.build/Objects-normal/arm64/ColorVisionSimulator.d -emit-const-values-path /Users/daniel/Library/Developer/Xcode/DerivedData/Ambit-bsnduvlakbyxoiatyqhewyqdyxzo/Build/Intermediates.noindex/Ambit.build/Debug-iphonesimulator/Ambit.build/Objects-normal/arm64/ColorVisionSimulator.swiftconstvalues -emit-reference-dependencies-path /Users/daniel/Library/Developer/Xcode/DerivedData/Ambit-bsnduvlakbyxoiatyqhewyqdyxzo/Build/Intermediates.noindex/Ambit.build/Debug-iphonesimulator/Ambit.build/Objects-normal/arm64/ColorVisionSimulator.swiftdeps -serialize-diagnostics-path /Users/daniel/Library/Developer/Xcode/DerivedData/Ambit-bsnduvlakbyxoiatyqhewyqdyxzo/Build/Intermediates.noindex/Ambit.build/Debug-iphonesimulator/Ambit.build/Objects-normal/arm64/ColorVisionSimulator.dia -emit-localized-strings -emit-localized-strings-path /Users/daniel/Library/Developer/Xcode/DerivedData/Ambit-bsnduvlakbyxoiatyqhewyqdyxzo/Build/Intermediates.noindex/Ambit.build/Debug-iphonesimulator/Ambit.build/Objects-normal/arm64 -target arm64-apple-ios18.5-simulator -Xllvm -aarch64-use-tbi -enable-objc-interop -sdk /Applications/Xcode.app/Contents/Developer/Platforms/iPhoneSimulator.platform/Developer/SDKs/iPhoneSimulator18.5.sdk -I /Users/daniel/Library/Developer/Xcode/DerivedData/Ambit-bsnduvlakbyxoiatyqhewyqdyxzo/Build/Products/Debug-iphonesimulator -F /Users/daniel/Library/Developer/Xcode/DerivedData/Ambit-bsnduvlakbyxoiatyqhewyqdyxzo/Build/Products/Debug-iphonesimulator -no-color-diagnostics -enable-testing -g -debug-info-format\=dwarf -dwarf-version\=5 -module-cache-path /Users/daniel/Library/Developer/Xcode/DerivedData/ModuleCache.noindex -profile-generate -profile-coverage-mapping -swift-version 5 -enforce-exclusivity\=checked -Onone -D DEBUG -serialize-debugging-options -const-gather-protocols-file /Users/daniel/Library/Developer/Xcode/DerivedData/Ambit-bsnduvlakbyxoiatyqhewyqdyxzo/Build/Intermediates.noindex/Ambit.build/Debug-iphonesimulator/Ambit.build/Objects-normal/arm64/Ambit_const_extract_protocols.json -enable-experimental-feature DebugDescriptionMacro -enable-bare-slash-regex -empty-abi-descriptor -validate-clang-modules-once -clang-build-session-file /Users/daniel/Library/Developer/Xcode/DerivedData/ModuleCache.noindex/Session.modulevalidation -Xcc -working-directory -Xcc /Users/daniel/Desktop/Ambit -resource-dir /Applications/Xcode.app/Contents/Developer/Toolchains/XcodeDefault.xctoolchain/usr/lib/swift -enable-anonymous-context-mangled-names -file-compilation-dir /Users/daniel/Desktop/Ambit -Xcc -ivfsstatcache -Xcc /Users/daniel/Library/Developer/Xcode/DerivedData/SDKStatCaches.noindex/iphonesimulator18.5-22F76-d5fc8ad4295d2ef488fb7d0f804ce0c4.sdkstatcache -Xcc -I/Users/daniel/Library/Developer/Xcode/DerivedData/Ambit-bsnduvlakbyxoiatyqhewyqdyxzo/Build/Intermediates.noindex/Ambit.build/Debug-iphonesimulator/Ambit.build/swift-overrides.hmap -Xcc -iquote -Xcc /Users/daniel/Library/Developer/Xcode/DerivedData/Ambit-bsnduvlakbyxoiatyqhewyqdyxzo/Build/Intermediates.noindex/Ambit.build/Debug-iphonesimulator/Ambit.build/Ambit-generated-files.hmap -Xcc -I/Users/daniel/Library/Developer/Xcode/DerivedData/Ambit-bsnduvlakbyxoiatyqhewyqdyxzo/Build/Intermediates.noindex/Ambit.build/Debug-iphonesimulator/Ambit.build/Ambit-own-target-headers.hmap -Xcc -I/Users/daniel/Library/Developer/Xcode/DerivedData/Ambit-bsnduvlakbyxoiatyqhewyqdyxzo/Build/Intermediates.noindex/Ambit.build/Debug-iphonesimulator/Ambit.build/Ambit-all-target-headers.hmap -Xcc -iquote -Xcc /Users/daniel/Library/Developer/Xcode/DerivedData/Ambit-bsnduvlakbyxoiatyqhewyqdyxzo/Build/Intermediates.noindex/Ambit.build/Debug-iphonesimulator/Ambit.build/Ambit-project-headers.hmap -Xcc -I/Users/daniel/Library/Developer/Xcode/DerivedData/Ambit-bsnduvlakbyxoiatyqhewyqdyxzo/Build/Products/Debug-iphonesimulator/include -Xcc -I/Users/daniel/Library/Developer/Xcode/DerivedData/Ambit-bsnduvlakbyxoiatyqhewyqdyxzo/Build/Intermediates.noindex/Ambit.build/Debug-iphonesimulator/Ambit.build/DerivedSources-normal/arm64 -Xcc -I/Users/daniel/Library/Developer/Xcode/DerivedData/Ambit-bsnduvlakbyxoiatyqhewyqdyxzo/Build/Intermediates.noindex/Ambit.build/Debug-iphonesimulator/Ambit.build/DerivedSources/arm64 -Xcc -I/Users/daniel/Library/Developer/Xcode/DerivedData/Ambit-bsnduvlakbyxoiatyqhewyqdyxzo/Build/Intermediates.noindex/Ambit.build/Debug-iphonesimulator/Ambit.build/DerivedSources -Xcc -DDEBUG\=1 -module-name Ambit -frontend-parseable-output -disable-clang-spi -target-sdk-version 18.5 -target-sdk-name iphonesimulator18.5 -external-plugin-path /Applications/Xcode.app/Contents/Developer/Platforms/iPhoneOS.platform/Developer/usr/lib/swift/host/plugins\#/Applications/Xcode.app/Contents/Developer/Platforms/iPhoneOS.platform/Developer/usr/bin/swift-plugin-server -external-plugin-path /Applications/Xcode.app/Contents/Developer/Platforms/iPhoneOS.platform/Developer/usr/local/lib/swift/host/plugins\#/Applications/Xcode.app/Contents/Developer/Platforms/iPhoneOS.platform/Developer/usr/bin/swift-plugin-server -in-process-plugin-server-path /Applications/Xcode.app/Contents/Developer/Toolchains/XcodeDefault.xctoolchain/usr/lib/swift/host/libSwiftInProcPluginServer.dylib -plugin-path /Applications/Xcode.app/Contents/Developer/Toolchains/XcodeDefault.xctoolchain/usr/lib/swift/host/plugins -plugin-path /Applications/Xcode.app/Contents/Developer/Toolchains/XcodeDefault.xctoolchain/usr/local/lib/swift/host/plugins -o /Users/daniel/Library/Developer/Xcode/DerivedData/Ambit-bsnduvlakbyxoiatyqhewyqdyxzo/Build/Intermediates.noindex/Ambit.build/Debug-iphonesimulator/Ambit.build/Objects-normal/arm64/HapticManager.o -o /Users/daniel/Library/Developer/Xcode/DerivedData/Ambit-bsnduvlakbyxoiatyqhewyqdyxzo/Build/Intermediates.noindex/Ambit.build/Debug-iphonesimulator/Ambit.build/Objects-normal/arm64/ColorVisionSimulator.o -index-unit-output-path /Ambit.build/Debug-iphonesimulator/Ambit.build/Objects-normal/arm64/HapticManager.o -index-unit-output-path /Ambit.build/Debug-iphonesimulator/Ambit.build/Objects-normal/arm64/ColorVisionSimulator.o -index-store-path /Users/daniel/Library/Developer/Xcode/DerivedData/Ambit-bsnduvlakbyxoiatyqhewyqdyxzo/Index.noindex/DataStore -index-system-modules

SwiftCompile normal arm64 /Users/daniel/Desktop/Ambit/Ambit/Services/HapticManager.swift (in target 'Ambit' from project 'Ambit')
    cd /Users/daniel/Desktop/Ambit
    
/Users/daniel/Desktop/Ambit/Ambit/ContentView.swift:6872:9: error: expressions are not allowed at the top level
        (
        ^
/Users/daniel/Desktop/Ambit/Ambit/ContentView.swift:6880:10: error: consecutive statements on a line must be separated by ';'
        ),
         ^
         ;
/Users/daniel/Desktop/Ambit/Ambit/ContentView.swift:6880:10: error: expected expression
        ),
         ^
/Users/daniel/Desktop/Ambit/Ambit/ContentView.swift:7113:1: error: extraneous '}' at top level
}
^

SwiftCompile normal arm64 /Users/daniel/Desktop/Ambit/Ambit/Services/ColorVisionSimulator.swift (in target 'Ambit' from project 'Ambit')
    cd /Users/daniel/Desktop/Ambit
    
/Users/daniel/Desktop/Ambit/Ambit/ContentView.swift:6872:9: error: expressions are not allowed at the top level
        (
        ^
/Users/daniel/Desktop/Ambit/Ambit/ContentView.swift:6880:10: error: consecutive statements on a line must be separated by ';'
        ),
         ^
         ;
/Users/daniel/Desktop/Ambit/Ambit/ContentView.swift:6880:10: error: expected expression
        ),
         ^
/Users/daniel/Desktop/Ambit/Ambit/ContentView.swift:7113:1: error: extraneous '}' at top level
}
^
/Users/daniel/Desktop/Ambit/Ambit/Services/ColorVisionSimulator.swift:227:58: error: 'VisionTypeInfo' is ambiguous for type lookup in this context
    static func getVisionTypeInfo(_ type: VisionType) -> VisionTypeInfo {
                                                         ^~~~~~~~~~~~~~
/Users/daniel/Desktop/Ambit/Ambit/ContentView.swift:2679:8: note: found this candidate
struct VisionTypeInfo: View {
       ^
/Users/daniel/Desktop/Ambit/Ambit/Services/ColorVisionSimulator.swift:325:8: note: found this candidate
struct VisionTypeInfo {
       ^
/Users/daniel/Desktop/Ambit/Ambit/Services/ColorVisionSimulator.swift:325:8: error: invalid redeclaration of 'VisionTypeInfo'
struct VisionTypeInfo {
       ^
/Users/daniel/Desktop/Ambit/Ambit/ContentView.swift:2679:8: note: 'VisionTypeInfo' previously declared here
struct VisionTypeInfo: View {
       ^
/Users/daniel/Desktop/Ambit/Ambit/ContentView.swift:2679:8: note: 'VisionTypeInfo' previously declared here
struct VisionTypeInfo: View {
       ^

SwiftCompile normal arm64 Compiling\ ColorAccessibilityAnalyzer.swift,\ ContentView.swift /Users/daniel/Desktop/Ambit/Ambit/Services/ColorAccessibilityAnalyzer.swift /Users/daniel/Desktop/Ambit/Ambit/ContentView.swift (in target 'Ambit' from project 'Ambit')

SwiftCompile normal arm64 /Users/daniel/Desktop/Ambit/Ambit/Services/ColorAccessibilityAnalyzer.swift (in target 'Ambit' from project 'Ambit')
    cd /Users/daniel/Desktop/Ambit
    

SwiftCompile normal arm64 /Users/daniel/Desktop/Ambit/Ambit/ContentView.swift (in target 'Ambit' from project 'Ambit')
    cd /Users/daniel/Desktop/Ambit
    

SwiftEmitModule normal arm64 Emitting\ module\ for\ Ambit (in target 'Ambit' from project 'Ambit')
EmitSwiftModule normal arm64 (in target 'Ambit' from project 'Ambit')
    cd /Users/daniel/Desktop/Ambit
    

SwiftEmitModule normal x86_64 Emitting\ module\ for\ Ambit (in target 'Ambit' from project 'Ambit')

EmitSwiftModule normal x86_64 (in target 'Ambit' from project 'Ambit')
    cd /Users/daniel/Desktop/Ambit
    

SwiftCompile normal x86_64 Compiling\ ColorAccessibilityAnalyzer.swift,\ ContentView.swift /Users/daniel/Desktop/Ambit/Ambit/Services/ColorAccessibilityAnalyzer.swift /Users/daniel/Desktop/Ambit/Ambit/ContentView.swift (in target 'Ambit' from project 'Ambit')

SwiftCompile normal x86_64 /Users/daniel/Desktop/Ambit/Ambit/Services/ColorAccessibilityAnalyzer.swift (in target 'Ambit' from project 'Ambit')
    cd /Users/daniel/Desktop/Ambit
    

SwiftCompile normal x86_64 /Users/daniel/Desktop/Ambit/Ambit/ContentView.swift (in target 'Ambit' from project 'Ambit')
    cd /Users/daniel/Desktop/Ambit
    

SwiftCompile normal arm64 Compiling\ GradientGenerator.swift,\ GeneratedAssetSymbols.swift /Users/daniel/Desktop/Ambit/Ambit/Services/GradientGenerator.swift /Users/daniel/Library/Developer/Xcode/DerivedData/Ambit-bsnduvlakbyxoiatyqhewyqdyxzo/Build/Intermediates.noindex/Ambit.build/Debug-iphonesimulator/Ambit.build/DerivedSources/GeneratedAssetSymbols.swift (in target 'Ambit' from project 'Ambit')
Command SwiftCompile failed with a nonzero exit code

SwiftCompile normal arm64 Compiling\ ImageProcessor.swift,\ ColorExtensions.swift /Users/daniel/Desktop/Ambit/Ambit/Services/ImageProcessor.swift /Users/daniel/Desktop/Ambit/Ambit/Extensions/ColorExtensions.swift (in target 'Ambit' from project 'Ambit')
Command SwiftCompile failed with a nonzero exit code

** BUILD FAILED **


The following build commands failed:
	SwiftCompile normal x86_64 Compiling\ ColorModels.swift,\ ViewExtensions.swift /Users/daniel/Desktop/Ambit/Ambit/Models/ColorModels.swift /Users/daniel/Desktop/Ambit/Ambit/Extensions/ViewExtensions.swift (in target 'Ambit' from project 'Ambit')
	SwiftCompile normal x86_64 /Users/daniel/Desktop/Ambit/Ambit/Models/ColorModels.swift (in target 'Ambit' from project 'Ambit')
	SwiftCompile normal x86_64 /Users/daniel/Desktop/Ambit/Ambit/Extensions/ViewExtensions.swift (in target 'Ambit' from project 'Ambit')
	SwiftCompile normal x86_64 Compiling\ HapticManager.swift,\ ColorVisionSimulator.swift /Users/daniel/Desktop/Ambit/Ambit/Services/HapticManager.swift /Users/daniel/Desktop/Ambit/Ambit/Services/ColorVisionSimulator.swift (in target 'Ambit' from project 'Ambit')
	SwiftCompile normal x86_64 /Users/daniel/Desktop/Ambit/Ambit/Services/HapticManager.swift (in target 'Ambit' from project 'Ambit')
	SwiftCompile normal x86_64 /Users/daniel/Desktop/Ambit/Ambit/Services/ColorVisionSimulator.swift (in target 'Ambit' from project 'Ambit')
	SwiftCompile normal arm64 Compiling\ HapticManager.swift,\ ColorVisionSimulator.swift /Users/daniel/Desktop/Ambit/Ambit/Services/HapticManager.swift /Users/daniel/Desktop/Ambit/Ambit/Services/ColorVisionSimulator.swift (in target 'Ambit' from project 'Ambit')
	SwiftCompile normal arm64 /Users/daniel/Desktop/Ambit/Ambit/Services/HapticManager.swift (in target 'Ambit' from project 'Ambit')
	SwiftCompile normal arm64 /Users/daniel/Desktop/Ambit/Ambit/Services/ColorVisionSimulator.swift (in target 'Ambit' from project 'Ambit')
	SwiftCompile normal arm64 Compiling\ GradientGenerator.swift,\ GeneratedAssetSymbols.swift /Users/daniel/Desktop/Ambit/Ambit/Services/GradientGenerator.swift /Users/daniel/Library/Developer/Xcode/DerivedData/Ambit-bsnduvlakbyxoiatyqhewyqdyxzo/Build/Intermediates.noindex/Ambit.build/Debug-iphonesimulator/Ambit.build/DerivedSources/GeneratedAssetSymbols.swift (in target 'Ambit' from project 'Ambit')
	SwiftCompile normal arm64 Compiling\ ImageProcessor.swift,\ ColorExtensions.swift /Users/daniel/Desktop/Ambit/Ambit/Services/ImageProcessor.swift /Users/daniel/Desktop/Ambit/Ambit/Extensions/ColorExtensions.swift (in target 'Ambit' from project 'Ambit')
	Building project Ambit with scheme Ambit and configuration Debug
(12 failures)
